TN:
SF:C:/workspace/experiments/RoboJS/src/core/display/bootstrap.js
FN:29,dispose
FNF:1
FNH:0
FNDA:0,dispose
DA:12,4
DA:13,6
DA:15,2
DA:16,2
DA:20,2
DA:22,2
DA:23,2
DA:25,2
DA:27,2
DA:30,0
DA:31,0
DA:32,0
DA:33,0
DA:34,0
DA:35,0
DA:36,0
DA:37,0
DA:38,0
LF:18
LH:9
BRDA:13,0,0,2
BRDA:13,0,1,0
BRDA:13,1,0,2
BRDA:13,1,1,0
BRDA:15,2,0,2
BRDA:15,2,1,2
BRDA:16,3,0,2
BRDA:16,3,1,2
BRF:8
BRH:6
end_of_record
TN:
SF:C:/workspace/experiments/RoboJS/src/core/display/build.js
FN:12,(anonymous_3)
FNF:1
FNH:1
FNDA:5,(anonymous_3)
DA:9,7
DA:12,5
LF:2
LH:2
BRF:0
BRH:0
end_of_record
TN:
SF:C:/workspace/experiments/RoboJS/src/core/display/create.js
FN:7,(anonymous_3)
FNF:1
FNH:1
FNDA:14,(anonymous_3)
DA:8,14
DA:9,14
DA:10,14
DA:11,14
LF:4
LH:4
BRDA:10,0,0,14
BRDA:10,0,1,0
BRF:2
BRH:1
end_of_record
TN:
SF:C:/workspace/experiments/RoboJS/src/core/display/dom-watcher.js
FN:12,handleMutations
FN:28,dispose
FNF:2
FNH:0
FNDA:0,handleMutations
FNDA:0,dispose
DA:6,4
DA:7,4
DA:9,4
DA:10,4
DA:12,4
DA:14,0
DA:15,0
DA:18,4
DA:22,4
DA:29,0
DA:30,0
DA:31,0
DA:32,0
DA:33,0
DA:34,0
DA:35,0
DA:36,0
DA:39,4
LF:18
LH:8
BRF:0
BRH:0
end_of_record
TN:
SF:C:/workspace/experiments/RoboJS/src/core/display/find-mediator.js
FN:7,(anonymous_3)
FNF:1
FNH:1
FNDA:8,(anonymous_3)
DA:7,14
DA:8,8
LF:2
LH:2
BRF:0
BRH:0
end_of_record
TN:
SF:C:/workspace/experiments/RoboJS/src/core/display/get-all-elements.js
FNF:0
FNH:0
DA:7,20
DA:8,20
DA:9,3
DA:11,20
LF:4
LH:4
BRDA:8,0,0,3
BRDA:8,0,1,17
BRF:2
BRH:2
end_of_record
TN:
SF:C:/workspace/experiments/RoboJS/src/core/display/get-mediators.js
FN:8,(anonymous_3)
FNF:1
FNH:1
FNDA:6,(anonymous_3)
DA:7,7
DA:8,6
LF:2
LH:2
BRF:0
BRH:0
end_of_record
TN:
SF:C:/workspace/experiments/RoboJS/src/core/display/handle-nodes-removed.js
FNF:0
FNH:0
DA:7,4
LF:1
LH:1
BRF:0
BRH:0
end_of_record
TN:
SF:C:/workspace/experiments/RoboJS/src/core/display/in-cache.js
FN:7,(anonymous_3)
FNF:1
FNH:1
FNDA:3,(anonymous_3)
DA:7,4
LF:1
LH:1
BRF:0
BRH:0
end_of_record
TN:
SF:C:/workspace/experiments/RoboJS/src/core/display/make-chain.js
FN:8,(anonymous_3)
FN:15,(anonymous_4)
FN:17,(anonymous_5)
FNF:3
FNH:3
FNDA:4,(anonymous_3)
FNDA:12,(anonymous_4)
FNDA:12,(anonymous_5)
DA:7,13
DA:9,4
DA:10,2
DA:12,2
DA:15,12
DA:17,12
LF:6
LH:6
BRDA:9,0,0,2
BRDA:9,0,1,2
BRF:2
BRH:2
end_of_record
TN:
SF:C:/workspace/experiments/RoboJS/src/core/display/mediator-handler.js
FN:25,destroy
FN:40,dispose
FN:41,(anonymous_5)
FN:55,updateCache
FN:63,hasMediator
FN:14,(anonymous_9)
FNF:6
FNH:4
FNDA:1,destroy
FNDA:0,dispose
FNDA:0,(anonymous_5)
FNDA:7,updateCache
FNDA:3,hasMediator
FNDA:10,(anonymous_9)
DA:14,1
DA:15,10
DA:18,24
DA:20,24
DA:22,12
DA:23,12
DA:26,1
DA:27,1
DA:28,1
DA:29,1
DA:30,1
DA:31,1
DA:32,1
DA:37,1
DA:41,0
DA:42,0
DA:43,0
DA:44,0
DA:47,0
DA:48,0
DA:49,0
DA:50,0
DA:51,0
DA:52,0
DA:56,7
DA:57,7
DA:60,12
DA:64,3
DA:67,12
LF:29
LH:19
BRDA:20,0,0,0
BRDA:20,0,1,12
BRDA:20,1,0,12
BRDA:20,1,1,0
BRDA:28,2,0,1
BRDA:28,2,1,0
BRDA:28,3,0,1
BRDA:28,3,1,1
BRDA:42,4,0,0
BRDA:42,4,1,0
BRDA:64,5,0,3
BRDA:64,5,1,2
BRF:12
BRH:7
end_of_record
TN:
SF:C:/workspace/experiments/RoboJS/src/core/display/next-uid.js
FN:7,(anonymous_3)
FNF:1
FNH:1
FNDA:434,(anonymous_3)
DA:4,1
DA:5,1
DA:7,14
DA:8,434
DA:9,434
DA:10,434
LF:6
LH:6
BRDA:9,0,0,420
BRDA:9,0,1,14
BRF:2
BRH:2
end_of_record
TN:
SF:C:/workspace/experiments/RoboJS/src/core/events/event-dispatcher.js
FN:1,EventDispatcher
FN:5,addEventListener
FN:5,removeEventListener
FN:5,removeAllEventListeners
FN:5,dispatchEvent
FN:5,hasEventListener
FN:5,_dispatchEvent
FN:146,makeDispatcher
FNF:8
FNH:2
FNDA:13,EventDispatcher
FNDA:0,addEventListener
FNDA:0,removeEventListener
FNDA:0,removeAllEventListeners
FNDA:0,dispatchEvent
FNDA:0,hasEventListener
FNDA:0,_dispatchEvent
FNDA:12,makeDispatcher
DA:2,13
DA:5,1
DA:8,0
DA:9,0
DA:11,0
DA:13,0
DA:14,0
DA:15,0
DA:17,0
DA:18,0
DA:19,0
DA:22,0
DA:24,0
DA:28,0
DA:29,0
DA:30,0
DA:32,0
DA:33,0
DA:34,0
DA:36,0
DA:37,0
DA:38,0
DA:39,0
DA:42,0
DA:44,0
DA:50,0
DA:51,0
DA:54,0
DA:55,0
DA:57,0
DA:58,0
DA:64,0
DA:67,0
DA:68,0
DA:70,0
DA:71,0
DA:73,0
DA:75,0
DA:76,0
DA:80,0
DA:81,0
DA:83,0
DA:84,0
DA:85,0
DA:87,0
DA:90,0
DA:91,0
DA:94,0
DA:95,0
DA:98,0
DA:102,0
DA:103,0
DA:104,0
DA:109,0
DA:113,0
DA:114,0
DA:115,0
DA:116,0
DA:118,0
DA:119,0
DA:122,0
DA:123,0
DA:126,0
DA:127,0
DA:128,0
DA:129,0
DA:130,0
DA:131,0
DA:134,0
DA:136,0
DA:137,0
DA:138,0
DA:146,12
LF:73
LH:3
BRDA:8,0,0,0
BRDA:8,0,1,0
BRDA:9,1,0,0
BRDA:9,1,1,0
BRDA:11,2,0,0
BRDA:11,2,1,0
BRDA:14,3,0,0
BRDA:14,3,1,0
BRDA:18,4,0,0
BRDA:18,4,1,0
BRDA:28,5,0,0
BRDA:28,5,1,0
BRDA:29,6,0,0
BRDA:29,6,1,0
BRDA:33,7,0,0
BRDA:33,7,1,0
BRDA:37,8,0,0
BRDA:37,8,1,0
BRDA:38,9,0,0
BRDA:38,9,1,0
BRDA:50,10,0,0
BRDA:50,10,1,0
BRDA:54,11,0,0
BRDA:54,11,1,0
BRDA:57,12,0,0
BRDA:57,12,1,0
BRDA:64,13,0,0
BRDA:64,13,1,0
BRDA:67,14,0,0
BRDA:67,14,1,0
BRDA:67,15,0,0
BRDA:67,15,1,0
BRDA:71,16,0,0
BRDA:71,16,1,0
BRDA:71,17,0,0
BRDA:71,17,1,0
BRDA:80,18,0,0
BRDA:80,18,1,0
BRDA:80,19,0,0
BRDA:80,19,1,0
BRDA:90,20,0,0
BRDA:90,20,1,0
BRDA:94,21,0,0
BRDA:94,21,1,0
BRDA:104,22,0,0
BRDA:104,22,1,0
BRDA:104,22,2,0
BRDA:104,22,3,0
BRDA:110,23,0,0
BRDA:110,23,1,0
BRDA:113,24,0,0
BRDA:113,24,1,0
BRDA:113,25,0,0
BRDA:113,25,1,0
BRDA:115,26,0,0
BRDA:115,26,1,0
BRDA:115,27,0,0
BRDA:115,27,1,0
BRDA:128,28,0,0
BRDA:128,28,1,0
BRDA:130,29,0,0
BRDA:130,29,1,0
BRDA:136,30,0,0
BRDA:136,30,1,0
BRF:64
BRH:0
end_of_record
TN:
SF:C:/workspace/experiments/RoboJS/src/core/events/signal.js
FN:1,Signal
FN:13,getNumListeners
FN:25,connect
FN:34,connectOnce
FN:43,disconnect
FN:61,disconnectAll
FN:72,emit
FN:116,registerListener
FNF:8
FNH:6
FNDA:16,Signal
FNDA:0,getNumListeners
FNDA:26,connect
FNDA:0,connectOnce
FNDA:6,disconnect
FNDA:1,disconnectAll
FNDA:5,emit
FNDA:26,registerListener
DA:3,16
DA:7,16
DA:12,1
DA:14,0
DA:26,26
DA:35,0
DA:44,6
DA:45,0
DA:46,0
DA:49,6
DA:50,7
DA:51,6
DA:52,6
DA:63,1
DA:64,4
DA:85,5
DA:86,5
DA:89,5
DA:90,5
DA:91,6
DA:92,6
DA:93,0
DA:95,6
DA:97,5
DA:117,26
DA:118,25
DA:119,6
DA:120,0
DA:123,6
DA:124,0
DA:127,6
DA:130,20
DA:131,0
DA:134,20
LF:34
LH:26
BRDA:44,0,0,0
BRDA:44,0,1,6
BRDA:50,1,0,6
BRDA:50,1,1,1
BRDA:50,2,0,7
BRDA:50,2,1,7
BRDA:92,3,0,0
BRDA:92,3,1,6
BRDA:118,4,0,6
BRDA:118,4,1,19
BRDA:118,5,0,25
BRDA:118,5,1,16
BRDA:119,6,0,0
BRDA:119,6,1,6
BRDA:119,7,0,6
BRDA:119,7,1,0
BRDA:123,8,0,0
BRDA:123,8,1,6
BRDA:123,9,0,6
BRDA:123,9,1,0
BRDA:130,10,0,0
BRDA:130,10,1,20
BRF:22
BRH:15
end_of_record
TN:
SF:C:/workspace/experiments/RoboJS/src/core/net/amd-loader.js
FNF:0
FNH:0
DA:2,0
LF:1
LH:0
BRF:0
BRH:0
end_of_record
TN:
SF:C:/workspace/experiments/RoboJS/src/core/net/loader.js
FN:5,load
FN:5,(anonymous_5)
FNF:2
FNH:0
FNDA:0,load
FNDA:0,(anonymous_5)
DA:3,2
DA:4,2
DA:5,0
LF:3
LH:2
BRDA:3,0,0,2
BRDA:3,0,1,2
BRF:2
BRH:2
end_of_record
TN:
SF:C:/workspace/experiments/RoboJS/src/internal/_arity.js
FN:7,(anonymous_3)
FN:8,(anonymous_4)
FN:9,(anonymous_5)
FN:10,(anonymous_6)
FN:11,(anonymous_7)
FN:12,(anonymous_8)
FN:13,(anonymous_9)
FN:14,(anonymous_10)
FN:15,(anonymous_11)
FN:16,(anonymous_12)
FN:17,(anonymous_13)
FNF:11
FNH:3
FNDA:0,(anonymous_3)
FNDA:68,(anonymous_4)
FNDA:107,(anonymous_5)
FNDA:59,(anonymous_6)
FNDA:0,(anonymous_7)
FNDA:0,(anonymous_8)
FNDA:0,(anonymous_9)
FNDA:0,(anonymous_10)
FNDA:0,(anonymous_11)
FNDA:0,(anonymous_12)
FNDA:0,(anonymous_13)
DA:6,167
DA:7,0
DA:8,131
DA:9,107
DA:10,59
DA:11,0
DA:12,0
DA:13,0
DA:14,0
DA:15,0
DA:16,0
DA:17,0
DA:18,0
LF:13
LH:4
BRDA:7,0,0,0
BRDA:7,0,1,131
BRDA:7,0,2,19
BRDA:7,0,3,17
BRDA:7,0,4,0
BRDA:7,0,5,0
BRDA:7,0,6,0
BRDA:7,0,7,0
BRDA:7,0,8,0
BRDA:7,0,9,0
BRDA:7,0,10,0
BRDA:7,0,11,0
BRF:12
BRH:3
end_of_record
TN:
SF:C:/workspace/experiments/RoboJS/src/internal/_compose.js
FNF:0
FNH:0
DA:9,135
DA:11,31
DA:12,31
DA:13,31
DA:16,31
LF:5
LH:5
BRF:0
BRH:0
end_of_record
TN:
SF:C:/workspace/experiments/RoboJS/src/internal/_curry.js
FNF:0
FNH:0
DA:9,24
DA:10,24
DA:11,0
DA:13,24
LF:4
LH:3
BRDA:10,0,0,0
BRDA:10,0,1,24
BRF:2
BRH:1
end_of_record
TN:
SF:C:/workspace/experiments/RoboJS/src/internal/_curry1.js
FN:5,f1
FNF:1
FNH:0
FNDA:0,f1
DA:5,0
DA:6,0
DA:7,0
DA:9,0
LF:4
LH:0
BRDA:6,0,0,0
BRDA:6,0,1,0
BRF:2
BRH:0
end_of_record
TN:
SF:C:/workspace/experiments/RoboJS/src/internal/_curryN.js
FN:6,(anonymous_4)
FNF:1
FNH:1
FNDA:218,(anonymous_4)
DA:6,136
DA:7,218
DA:8,218
DA:9,218
DA:10,218
DA:11,218
DA:13,388
DA:14,69
DA:16,319
DA:17,319
DA:19,388
DA:20,388
DA:21,388
DA:23,388
DA:25,218
LF:15
LH:15
BRDA:11,0,0,606
BRDA:11,0,1,537
BRDA:13,1,0,69
BRDA:13,1,1,319
BRDA:20,2,0,388
BRDA:20,2,1,0
BRDA:25,3,0,106
BRDA:25,3,1,112
BRF:8
BRH:7
end_of_record
TN:
SF:C:/workspace/experiments/RoboJS/src/internal/_filter.js
FN:5,(anonymous_3)
FNF:1
FNH:1
FNDA:14,(anonymous_3)
DA:6,14
DA:7,14
DA:8,14
DA:10,14
DA:11,36
DA:12,21
DA:14,36
DA:16,14
LF:8
LH:8
BRDA:11,0,0,21
BRDA:11,0,1,15
BRF:2
BRH:2
end_of_record
TN:
SF:C:/workspace/experiments/RoboJS/src/internal/_find.js
FN:5,(anonymous_3)
FNF:1
FNH:1
FNDA:4,(anonymous_3)
DA:6,4
DA:7,4
DA:8,4
DA:9,3
DA:10,2
DA:12,1
LF:6
LH:6
BRDA:9,0,0,2
BRDA:9,0,1,1
BRF:2
BRH:2
end_of_record
TN:
SF:C:/workspace/experiments/RoboJS/src/internal/_flatten.js
FNF:0
FNH:0
DA:12,25
DA:13,25
DA:14,25
DA:16,25
DA:17,43
DA:18,12
DA:19,12
DA:20,12
DA:21,12
DA:22,28
DA:23,28
DA:26,31
DA:28,43
DA:30,25
LF:14
LH:14
BRDA:17,0,0,12
BRDA:17,0,1,31
BRF:2
BRH:2
end_of_record
TN:
SF:C:/workspace/experiments/RoboJS/src/internal/_for-each.js
FN:5,(anonymous_3)
FNF:1
FNH:1
FNDA:1,(anonymous_3)
DA:6,1
DA:7,1
DA:8,1
DA:9,3
DA:10,3
DA:12,1
LF:6
LH:6
BRF:0
BRH:0
end_of_record
TN:
SF:C:/workspace/experiments/RoboJS/src/internal/_isArrayLike.js
FN:1,_isString
FNF:1
FNH:1
FNDA:19,_isString
DA:2,19
DA:5,43
DA:6,31
DA:7,31
DA:8,19
DA:9,19
DA:10,3
DA:11,3
DA:12,0
DA:14,3
LF:10
LH:9
BRDA:5,0,0,12
BRDA:5,0,1,31
BRDA:6,1,0,0
BRDA:6,1,1,31
BRDA:7,2,0,12
BRDA:7,2,1,19
BRDA:7,3,0,0
BRDA:7,3,1,31
BRDA:8,4,0,0
BRDA:8,4,1,19
BRDA:9,5,0,16
BRDA:9,5,1,3
BRDA:10,6,0,0
BRDA:10,6,1,3
BRDA:11,7,0,0
BRDA:11,7,1,3
BRDA:12,8,0,0
BRDA:12,8,1,0
BRF:18
BRH:11
end_of_record
TN:
SF:C:/workspace/experiments/RoboJS/src/internal/_map.js
FN:5,(anonymous_3)
FNF:1
FNH:1
FNDA:19,(anonymous_3)
DA:7,19
DA:8,19
DA:9,19
DA:10,19
DA:11,28
DA:14,19
LF:6
LH:6
BRF:0
BRH:0
end_of_record
TN:
SF:C:/workspace/experiments/RoboJS/src/internal/_noop.js
FNF:0
FNH:0
DA:1,0
LF:1
LH:0
BRF:0
BRH:0
end_of_record
TN:
SF:C:/workspace/experiments/RoboJS/src/internal/_pipe.js
FN:1,_pipe
FN:2,(anonymous_3)
FNF:2
FNH:2
FNDA:104,_pipe
FNDA:49,(anonymous_3)
DA:2,104
DA:3,49
LF:2
LH:2
BRF:0
BRH:0
end_of_record
TN:
SF:C:/workspace/experiments/RoboJS/src/internal/_pluck.js
FN:6,(anonymous_3)
FN:7,(anonymous_4)
FNF:2
FNH:2
FNDA:4,(anonymous_3)
FNDA:4,(anonymous_4)
DA:7,4
DA:8,4
LF:2
LH:2
BRF:0
BRH:0
end_of_record
TN:
SF:C:/workspace/experiments/RoboJS/src/internal/_reduce.js
FN:6,(anonymous_3)
FNF:1
FNH:1
FNDA:31,(anonymous_3)
DA:7,31
DA:8,31
DA:9,31
DA:10,104
DA:12,104
DA:14,31
LF:6
LH:6
BRF:0
BRH:0
end_of_record
